Arguments: 
  /Users/hungho/.nvm/versions/node/v16.14.0/bin/node /opt/homebrew/bin/yarn add @project-serum/ancho

PATH: 
  /Users/hungho/elrondsdk:/Users/hungho/.nvm/versions/node/v16.14.0/bin:/opt/homebrew/bin:/usr/local/bin:/usr/bin:/bin:/usr/sbin:/sbin:/Users/hungho/.local/share/solana/install/active_release/bin:/Library/Apple/usr/bin:/Users/hungho/elrondsdk:/Users/hungho/.nvm/versions/node/v16.14.0/bin:/opt/homebrew/bin:/Users/hungho/.cargo/bin

Yarn version: 
  1.22.10

Node version: 
  16.14.0

Platform: 
  darwin arm64

Trace: 
  Error: https://registry.yarnpkg.com/@project-serum%2fancho: Not found
      at Request.params.callback [as _callback] (/opt/homebrew/lib/node_modules/yarn/lib/cli.js:66988:18)
      at Request.self.callback (/opt/homebrew/lib/node_modules/yarn/lib/cli.js:140662:22)
      at Request.emit (node:events:520:28)
      at Request.<anonymous> (/opt/homebrew/lib/node_modules/yarn/lib/cli.js:141634:10)
      at Request.emit (node:events:520:28)
      at IncomingMessage.<anonymous> (/opt/homebrew/lib/node_modules/yarn/lib/cli.js:141556:12)
      at Object.onceWrapper (node:events:639:28)
      at IncomingMessage.emit (node:events:532:35)
      at endReadableNT (node:internal/streams/readable:1346:12)
      at processTicksAndRejections (node:internal/process/task_queues:83:21)

npm manifest: 
  {
    "name": "solana-keypair-generate",
    "version": "1.0.0",
    "description": "",
    "main": "index.js",
    "scripts": {
      "test": "echo \"Error: no test specified\" && exit 1"
    },
    "author": "lee.aki",
    "license": "ISC"
  }

yarn manifest: 
  No manifest

Lockfile: 
  No lockfile
